<?xml version="1.0" encoding="UTF-8"?>
<!-- Generated by org.testng.reporters.JUnitXMLReporter -->
<testsuite ignored="6" hostname="DESKTOP-K2FF4CE" failures="1" tests="1" name="Default test" time="23.855" errors="0" timestamp="2022-08-16T08:24:30 IST">
  <testcase classname="project_amazon_group_01.tests.ItemDetailesPageTest" name="verifyItemQuantityIsDisplaySuccessfully" time="8.876">
    <failure type="org.openqa.selenium.support.ui.UnexpectedTagNameException" message="Element should have been &amp;quot;select&amp;quot; but was &amp;quot;span&amp;quot;
Build info: version: &amp;apos;4.4.0&amp;apos;, revision: &amp;apos;e5c75ed026a&amp;apos;
System info: host: &amp;apos;DESKTOP-K2FF4CE&amp;apos;, ip: &amp;apos;192.168.0.123&amp;apos;, os.name: &amp;apos;Windows 10&amp;apos;, os.arch: &amp;apos;amd64&amp;apos;, os.version: &amp;apos;10.0&amp;apos;, java.version: &amp;apos;15.0.2&amp;apos;
Driver info: driver.version: unknown">
      <![CDATA[org.openqa.selenium.support.ui.UnexpectedTagNameException: Element should have been "select" but was "span"
Build info: version: '4.4.0', revision: 'e5c75ed026a'
System info: host: 'DESKTOP-K2FF4CE', ip: '192.168.0.123', os.name: 'Windows 10', os.arch: 'amd64', os.version: '10.0', java.version: '15.0.2'
Driver info: driver.version: unknown
at org.openqa.selenium.support.ui.Select.<init>(Select.java:49)
at project_amazon_group_01.pages.ItemDetailesPage.quantityDropDown(ItemDetailesPage.java:113)
at project_amazon_group_01.tests.ItemDetailesPageTest.verifyItemQuantityIsDisplaySuccessfully(ItemDetailesPageTest.java:75)
at java.base/jdk.internal.reflect.NativeMethodAccessorImpl.invoke0(Native Method)
at java.base/jdk.internal.reflect.NativeMethodAccessorImpl.invoke(NativeMethodAccessorImpl.java:64)
at java.base/jdk.internal.reflect.DelegatingMethodAccessorImpl.invoke(DelegatingMethodAccessorImpl.java:43)
at java.base/java.lang.reflect.Method.invoke(Method.java:564)
at org.testng.internal.invokers.MethodInvocationHelper.invokeMethod(MethodInvocationHelper.java:139)
at org.testng.internal.invokers.TestInvoker.invokeMethod(TestInvoker.java:677)
at org.testng.internal.invokers.TestInvoker.invokeTestMethod(TestInvoker.java:221)
at org.testng.internal.invokers.MethodRunner.runInSequence(MethodRunner.java:50)
at org.testng.internal.invokers.TestInvoker$MethodInvocationAgent.invoke(TestInvoker.java:962)
at org.testng.internal.invokers.TestInvoker.invokeTestMethods(TestInvoker.java:194)
at org.testng.internal.invokers.TestMethodWorker.invokeTestMethods(TestMethodWorker.java:148)
at org.testng.internal.invokers.TestMethodWorker.run(TestMethodWorker.java:128)
at java.base/java.util.ArrayList.forEach(ArrayList.java:1511)
at org.testng.TestRunner.privateRun(TestRunner.java:806)
at org.testng.TestRunner.run(TestRunner.java:601)
at org.testng.SuiteRunner.runTest(SuiteRunner.java:433)
at org.testng.SuiteRunner.runSequentially(SuiteRunner.java:427)
at org.testng.SuiteRunner.privateRun(SuiteRunner.java:387)
at org.testng.SuiteRunner.run(SuiteRunner.java:330)
at org.testng.SuiteRunnerWorker.runSuite(SuiteRunnerWorker.java:52)
at org.testng.SuiteRunnerWorker.run(SuiteRunnerWorker.java:95)
at org.testng.TestNG.runSuitesSequentially(TestNG.java:1256)
at org.testng.TestNG.runSuitesLocally(TestNG.java:1176)
at org.testng.TestNG.runSuites(TestNG.java:1099)
at org.testng.TestNG.run(TestNG.java:1067)
at org.testng.remote.AbstractRemoteTestNG.run(AbstractRemoteTestNG.java:115)
at org.testng.remote.RemoteTestNG.initAndRun(RemoteTestNG.java:251)
at org.testng.remote.RemoteTestNG.main(RemoteTestNG.java:77)
]]>
    </failure>
  </testcase> <!-- verifyItemQuantityIsDisplaySuccessfully -->
  <testcase classname="project_amazon_group_01.tests.ItemDetailesPageTest" name="verifyChangeItemImageIsDisplaySuccessfully" time="0.0">
    <ignored/>
  </testcase> <!-- verifyChangeItemImageIsDisplaySuccessfully -->
  <testcase classname="project_amazon_group_01.tests.ItemDetailesPageTest" name="verifyItemImageDisplaySuccessfully" time="0.0">
    <ignored/>
  </testcase> <!-- verifyItemImageDisplaySuccessfully -->
  <testcase classname="project_amazon_group_01.tests.ItemDetailesPageTest" name="verifyBuynowPageLoadedSuccessfully" time="0.0">
    <ignored/>
  </testcase> <!-- verifyBuynowPageLoadedSuccessfully -->
  <testcase classname="project_amazon_group_01.tests.ItemDetailesPageTest" name="verifyItemStarRatingIsDisplaySuccessfully" time="0.0">
    <ignored/>
  </testcase> <!-- verifyItemStarRatingIsDisplaySuccessfully -->
  <testcase classname="project_amazon_group_01.tests.ItemDetailesPageTest" name="verifyaddToCartButtonPageLoadedSuccessfully" time="0.0">
    <ignored/>
  </testcase> <!-- verifyaddToCartButtonPageLoadedSuccessfully -->
  <testcase classname="project_amazon_group_01.tests.ItemDetailesPageTest" name="verifyChangeItemColourIsDisplaySuccessfully" time="0.0">
    <ignored/>
  </testcase> <!-- verifyChangeItemColourIsDisplaySuccessfully -->
</testsuite> <!-- Default test -->
